
 Model Type: kmn - Dataset: {'data_type': 'voest', 'data_path': 'datasets/voest_datasets/', 'only_use_columns': 'v5', 'original': False, 'remove_quantiles': 0.001, 'val_split': 0.15, 'test_split': 0.2, 'random_state': 1337}
Best Config cv run 0:
{'config_id': 'mdn_voest_ideal_normal', 'seeds': [42, 43, 44, 45, 46], 'data_seed': 0, 'training_hyperparameters': {'early_stopping_patience': 10, 'epochs': 500, 'clip_gradient_norm': 4.0, 'batch_size': 64, 'use_lr_scheduler': True, 'optimizer_hyperparameters': {'lr': 0.0002, 'betas': [0.9, 0.999], 'eps': 1e-08, 'weight_decay': 0.0}, 'optimizer': 'adam', 'input_noise_x': 0.02, 'input_noise_y': 0.05, 'loss_hyperparameters': {'reliability_loss_weight': 0.0, 'weights_entropy_loss_weight': 0.125, 'loss_calculation_in_normalised_domain': True}, 'eval_metric_for_best_model': 'val_nll_loss', 'evaluation_function_names': ['miscalibration', 'conformal_prediction'], 'slow_first_n_batches': 1, 'log_train_every_n': 10, 'noisy_start': True, 'noise_level': 0.5, 'noise_decay': 0.2}, 'data_hyperparameters': {'data_type': 'voest', 'data_path': 'datasets/voest_datasets/', 'only_use_columns': 'v5', 'original': False, 'remove_quantiles': 0.001, 'val_split': 0.15, 'test_split': 0.2, 'random_state': 1337}, 'model_hyperparameters': {'model_class': 'kmn', 'n_hidden': [64, 128, 128, 64], 'dropout_rate': 0.04, 'activation_function': 'relu', 'center_selection_method': 'k_means', 'trainable_scales': True, 'initial_kernel_scales': [0.7, 0.3], 'n_centers': 90, 'keep_edges': True}}Best mean cv score: 4.931484133190073
Results for kmn
test_mean_weights: 0.005555555667896693 +- 8.700980295018402e-12 --- [0.005555555655951875, 0.005555555673015901, 0.005555555681547914, 0.005555555664483887, 0.005555555664483887]
test_std_weights: 0.01743228013885591 +- 0.0002932027920238456 --- [0.016907257413197787, 0.0178103616112945, 0.017523168736837874, 0.01748688876012438, 0.01743372417282502]
test_nll_loss: 5.100892248189179 +- 0.015878898258099617 --- [5.131190241287541, 5.090730926487462, 5.091599227158278, 5.088602978487668, 5.102337867524949]
test_nll_loss_normalized: -0.5236642946188135 +- 0.015878898258099808 --- [-0.49336630152045163, -0.5338256163205317, -0.5329573156497146, -0.5359535643203259, -0.5222186752830438]
test_weights_entropy: 3.193478045393941 +- 0.03350040357008729 --- [3.2568756112252406, 3.157230699366087, 3.1822289642412613, 3.1890840767926756, 3.181970875344439]
test_misclibration_area: 0.18786821095062262 +- 0.0006073990532331078 --- [0.1888525883925531, 0.18801453104682614, 0.1877786728907819, 0.18773765424722386, 0.1869576081757282]
test_miscalibration0part: 0.14276266434525064 +- 0.013448168445051213 --- [0.121053531898184, 0.1469310012206354, 0.14569996681726666, 0.16231891940324653, 0.13780990238692062]
test_miscalibration1part: 0.16330601995666355 +- 0.015146302941073043 --- [0.13880156347890177, 0.1679736767257485, 0.1668060582174874, 0.18524215107417333, 0.15770665028700678]
test_miscalibration2part: 0.13823603632250112 +- 0.01351199954457047 --- [0.11639109601136302, 0.14257317469176678, 0.14121536300068355, 0.15779750510269544, 0.13320304280599687]
test_conformal_prediction0part: 118.05174634984255 +- 3.077475279577974 --- [123.79387800433456, 116.52107954748783, 117.25694797798722, 118.01235653505672, 114.67446968434638]
test_conformal_prediction1part: 0.8746063555682795 +- 0.004048707593395622 --- [0.8810478099055253, 0.8743200687088463, 0.872745490981964, 0.8761809332951618, 0.8687374749498998]
test_conformal_prediction2part: 136.03549877377523 +- 3.6049642348100535 --- [142.4990987835045, 133.2989563110596, 134.56962648790886, 137.25083719335993, 132.55897509304322]
test_conformal_prediction3part: 0.8795018608645864 +- 0.0035427926560117487 --- [0.8854852562267392, 0.8793300887489264, 0.8773260807328943, 0.880475236186659, 0.8748926424277126]

 Model Type: kmn - Dataset: {'data_type': 'voest', 'data_path': 'datasets/voest_datasets/', 'only_use_columns': 'v5', 'original': True, 'remove_quantiles': 0.001, 'val_split': 0.15, 'test_split': 0.2, 'random_state': 1337}
Best Config cv run 0:
{'config_id': 'mdn_voest_realistic_normal', 'seeds': [42, 43, 44, 45, 46], 'data_seed': 0, 'training_hyperparameters': {'early_stopping_patience': 10, 'epochs': 500, 'clip_gradient_norm': 4.0, 'batch_size': 64, 'use_lr_scheduler': True, 'optimizer_hyperparameters': {'lr': 0.0002, 'betas': [0.9, 0.999], 'eps': 1e-08, 'weight_decay': 0.0}, 'optimizer': 'adam', 'input_noise_x': 0.02, 'input_noise_y': 0.05, 'loss_hyperparameters': {'reliability_loss_weight': 0.0, 'weights_entropy_loss_weight': 0.125, 'loss_calculation_in_normalised_domain': True}, 'eval_metric_for_best_model': 'val_nll_loss', 'evaluation_function_names': ['miscalibration', 'conformal_prediction'], 'slow_first_n_batches': 1, 'log_train_every_n': 10, 'noisy_start': True, 'noise_level': 0.5, 'noise_decay': 0.2}, 'data_hyperparameters': {'data_type': 'voest', 'data_path': 'datasets/voest_datasets/', 'only_use_columns': 'v5', 'original': True, 'remove_quantiles': 0.001, 'val_split': 0.15, 'test_split': 0.2, 'random_state': 1337}, 'model_hyperparameters': {'model_class': 'kmn', 'n_hidden': [64, 128, 128, 64], 'dropout_rate': 0.04, 'activation_function': 'relu', 'center_selection_method': 'k_means', 'trainable_scales': True, 'initial_kernel_scales': [0.7, 0.3], 'n_centers': 90, 'keep_edges': True}}Best mean cv score: 5.399499016445406
Results for kmn
test_mean_weights: 0.005555555674722304 +- 6.384773999085196e-12 --- [0.005555555673015901, 0.005555555681547914, 0.005555555673015901, 0.005555555664483887, 0.005555555681547914]
test_std_weights: 0.014093277577791793 +- 0.00022867054290023368 --- [0.013948939331921045, 0.0142416048916566, 0.014388249432756076, 0.013735327271079645, 0.014152266961545597]
test_nll_loss: 5.5307424200731266 +- 0.005876954886210646 --- [5.527646724112287, 5.525629720133627, 5.525002144006204, 5.5395520306097685, 5.535881481503744]
test_nll_loss_normalized: -0.09381412273486706 +- 0.005876954886210647 --- [-0.09690981869570614, -0.09892682267436659, -0.09955439880178885, -0.08500451219822458, -0.08867506130424913]
test_weights_entropy: 3.58964413114035 +- 0.02424491746797225 --- [3.596655224511523, 3.567824019970745, 3.563203127446299, 3.6310525321359797, 3.589485751637203]
test_misclibration_area: 0.1873498545585783 +- 0.00039579673477866615 --- [0.18776190236547838, 0.18757135725417248, 0.18690158370023738, 0.18684109131654422, 0.18767333815645906]
test_miscalibration0part: 0.12272258222597976 +- 0.006257473186106353 --- [0.11572287009638085, 0.12300600587144268, 0.11581447992698872, 0.12777840848846828, 0.13129114674661824]
test_miscalibration1part: 0.1409002048185006 +- 0.007108830478468524 --- [0.13328565675482654, 0.14139516064201288, 0.1325569549741289, 0.14700505435210806, 0.1502581973694267]
test_miscalibration2part: 0.11849943115142639 +- 0.006318998763867928 --- [0.11148813232937345, 0.11895581817954583, 0.11138618971876248, 0.12356224880496991, 0.1271047667244803]
test_conformal_prediction0part: 199.13991210657926 +- 4.911343537450205 --- [197.58579617382085, 194.87836009630868, 194.48754428499856, 207.8087489152412, 200.93911106252685]
test_conformal_prediction1part: 0.898912109934154 +- 0.004629887880427199 --- [0.8976524477526482, 0.8939307185800172, 0.896364156885199, 0.9075293444030919, 0.8990838820498139]
test_conformal_prediction2part: 210.29865914865445 +- 5.514577876554276 --- [208.21087347686444, 204.19625593262418, 205.95853327749248, 219.12444000724665, 214.0031930490445]
test_conformal_prediction3part: 0.9013455482393358 +- 0.00509027374927895 --- [0.8986544517606642, 0.8969367306040653, 0.8976524477526482, 0.9106784998568566, 0.9028056112224448]
