
 Model Type: mdn - Dataset: {'data_type': 'voest', 'data_path': 'datasets/voest_datasets/', 'only_use_columns': 'v5', 'original': True, 'remove_quantiles': 0.001, 'val_split': 0.15, 'test_split': 0.2, 'random_state': 1337}
Best Config cv run 0:
{'config_id': 'mdn_voest_realistic_normal', 'seeds': [42, 43, 44, 45, 46], 'data_seed': 0, 'training_hyperparameters': {'early_stopping_patience': 10, 'epochs': 500, 'clip_gradient_norm': 4.0, 'batch_size': 64, 'use_lr_scheduler': True, 'optimizer_hyperparameters': {'lr': 0.0002, 'betas': [0.9, 0.999], 'eps': 1e-08, 'weight_decay': 0.0}, 'optimizer': 'adam', 'input_noise_x': 0.02, 'input_noise_y': 0.05, 'loss_hyperparameters': {'reliability_loss_weight': 0.0, 'weights_entropy_loss_weight': 0.125, 'loss_calculation_in_normalised_domain': True}, 'eval_metric_for_best_model': 'val_nll_loss', 'evaluation_function_names': ['miscalibration', 'conformal_prediction'], 'slow_first_n_batches': 1, 'log_train_every_n': 10, 'noisy_start': True, 'noise_level': 0.5, 'noise_decay': 0.2}, 'data_hyperparameters': {'data_type': 'voest', 'data_path': 'datasets/voest_datasets/', 'only_use_columns': 'v5', 'original': True, 'remove_quantiles': 0.001, 'val_split': 0.15, 'test_split': 0.2, 'random_state': 1337}, 'model_hyperparameters': {'model_class': 'mdn', 'n_hidden': [64, 128, 128, 64], 'n_distributions': 35, 'dropout_rate': 0.04, 'activation_function': 'relu', 'distribution_type': 'gaussian', 'std_stability_mode': 'softplus', 'use_layer_norm': False}}Best mean cv score: 5.361813063154926
Results for mdn
test_mean_weights: 0.02857142873108387 +- 0.0 --- [0.02857142873108387, 0.02857142873108387, 0.02857142873108387, 0.02857142873108387, 0.02857142873108387]
test_std_weights: 0.007218749840649722 +- 0.0005131887608641394 --- [0.006811238724136853, 0.008224474914471152, 0.006935146295447132, 0.007129798349336476, 0.006993090919856992]
test_mean_mu: 85.5086312189984 +- 3.2301684544837914 --- [84.09471419340146, 81.78994317850615, 85.14779204404904, 91.50519713569159, 85.0055095433438]
test_std_mu: 109.26052871996785 +- 25.399493260385007 --- [90.43128463828117, 159.54704487798142, 97.3406868035562, 97.31708038225237, 101.66654689776806]
test_mean_sigma: 80.81327587207409 +- 7.11515619608276 --- [75.50312662110983, 94.68992702550749, 78.16489888957602, 75.87404874140371, 79.83437808277338]
test_std_sigma: 191.9277515759756 +- 14.123287809675055 --- [188.0406247282861, 217.11853803606795, 191.72426680579352, 173.4719472383313, 189.28338107139922]
test_nll_loss: 5.50406029343844 +- 0.00551945084437477 --- [5.495014962786902, 5.5035628770096, 5.503672676512344, 5.5122503744235125, 5.50580057645984]
test_nll_loss_normalized: -0.12049624936955383 +- 0.0055194508443746956 --- [-0.12954158002109128, -0.12099366579839366, -0.12088386629564933, -0.11230616838448101, -0.1187559663481539]
test_weights_entropy: 3.521349989320158 +- 0.006568989478269919 --- [3.5253577615960157, 3.5082954954971326, 3.5233584845472192, 3.524382430982221, 3.5253557739782018]
test_misclibration_area: 0.0641265944939031 +- 0.00435608443041104 --- [0.06608095177258115, 0.06344221003786596, 0.06674237429430176, 0.05601129472477539, 0.06835614163999124]
test_pinball_loss: 26.378461034093856 +- 0.16138504928590564 --- [26.357523221666547, 26.645777394633015, 26.454409481630673, 26.199779983376352, 26.2348150891627]
test_miscalibration0part: 0.1282742558322866 +- 0.012341829231444593 --- [0.1315745701600104, 0.12423703822712825, 0.14326366346202538, 0.10686228942843791, 0.1354337178838311]
test_miscalibration1part: 0.14575473193346924 +- 0.01337586192742922 --- [0.14885567574455988, 0.14177837158184559, 0.1617171016286855, 0.1223913976875172, 0.1540311130247381]
test_miscalibration2part: 0.12397116948566497 +- 0.012221529690648434 --- [0.12706198246609404, 0.12018362922242538, 0.13873003824645183, 0.10268818246850714, 0.13119201502484645]
test_conformal_prediction0part: 198.5871119191508 +- 6.252086962356222 --- [192.34679221724699, 202.33679552184728, 189.8990434831717, 205.67262412660142, 202.68030424688664]
test_conformal_prediction1part: 0.9011451474377326 +- 0.006049804267676982 --- [0.8960778700257658, 0.9035213283710277, 0.8920698539937016, 0.906813627254509, 0.9072430575436587]
test_conformal_prediction2part: 199.8983998130189 +- 5.931462277177198 --- [194.10546190036322, 203.22229964952226, 191.55692243862725, 206.58641180239945, 204.0209032741823]
test_conformal_prediction3part: 0.902175780131692 +- 0.00605048160841687 --- [0.8967935871743486, 0.9039507586601775, 0.8935012882908675, 0.9079587746922416, 0.9086744918408245]

 Model Type: mdn - Dataset: {'data_type': 'voest', 'data_path': 'datasets/voest_datasets/', 'only_use_columns': 'v5', 'original': False, 'remove_quantiles': 0.001, 'val_split': 0.15, 'test_split': 0.2, 'random_state': 1337}
Best Config cv run 0:
{'config_id': 'mdn_voest_ideal_normal', 'seeds': [42, 43, 44, 45, 46], 'data_seed': 0, 'training_hyperparameters': {'early_stopping_patience': 10, 'epochs': 500, 'clip_gradient_norm': 4.0, 'batch_size': 64, 'use_lr_scheduler': True, 'optimizer_hyperparameters': {'lr': 0.0002, 'betas': [0.9, 0.999], 'eps': 1e-08, 'weight_decay': 0.0}, 'optimizer': 'adam', 'input_noise_x': 0.02, 'input_noise_y': 0.05, 'loss_hyperparameters': {'reliability_loss_weight': 0.0, 'weights_entropy_loss_weight': 0.125, 'loss_calculation_in_normalised_domain': True}, 'eval_metric_for_best_model': 'val_nll_loss', 'evaluation_function_names': ['miscalibration', 'conformal_prediction'], 'slow_first_n_batches': 1, 'log_train_every_n': 10, 'noisy_start': True, 'noise_level': 0.5, 'noise_decay': 0.2}, 'data_hyperparameters': {'data_type': 'voest', 'data_path': 'datasets/voest_datasets/', 'only_use_columns': 'v5', 'original': False, 'remove_quantiles': 0.001, 'val_split': 0.15, 'test_split': 0.2, 'random_state': 1337}, 'model_hyperparameters': {'model_class': 'mdn', 'n_hidden': [64, 128, 128, 64], 'n_distributions': 35, 'dropout_rate': 0.04, 'activation_function': 'relu', 'distribution_type': 'gaussian', 'std_stability_mode': 'softplus', 'use_layer_norm': False}}Best mean cv score: 4.885849086424616
Results for mdn
test_mean_weights: 0.02857142873108387 +- 0.0 --- [0.02857142873108387, 0.02857142873108387, 0.02857142873108387, 0.02857142873108387, 0.02857142873108387]
test_std_weights: 0.007397604513632904 +- 0.00044325850046104877 --- [0.006905721644626974, 0.008131101907457812, 0.007443590132472143, 0.006971889818975082, 0.007535719064632503]
test_mean_mu: 95.00830662834109 +- 2.9164161289416812 --- [93.39038406140546, 100.29961108697235, 92.7763947760721, 96.00388894898823, 92.57125426826728]
test_std_mu: 120.70403785039386 +- 3.619150714228453 --- [120.89250807130094, 126.9090649735576, 117.21989111322883, 116.94915191798916, 121.5495731758928]
test_mean_sigma: 50.7469649825163 +- 1.6288668939716058 --- [49.65579372922568, 53.588066801108845, 49.677306253043895, 51.55312044573417, 49.26053768346892]
test_std_sigma: 108.73386699153397 +- 7.799914044568094 --- [115.65880762947141, 100.06525096134303, 105.66127255076908, 102.1962061176797, 120.08779769840672]
test_nll_loss: 5.0662738257276265 +- 0.010054762932788517 --- [5.083630447977428, 5.070781534120138, 5.05601787157602, 5.062852673294413, 5.058086601670137]
test_nll_loss_normalized: -0.5582827170803661 +- 0.010054762932788485 --- [-0.5409260948305652, -0.5537750086878557, -0.5685386712319729, -0.5617038695135808, -0.5664699411378561]
test_weights_entropy: 3.5191656925737633 +- 0.005219145488935618 --- [3.5238049602972685, 3.5098961568854787, 3.51953584117873, 3.5244213708178074, 3.5181701336895332]
test_misclibration_area: 0.07370382387659251 +- 0.003992585614490727 --- [0.07953485055601839, 0.06830050154876272, 0.07499044321343033, 0.07025995631290308, 0.07543336775184804]
test_pinball_loss: 20.254102186306206 +- 0.20619522495037235 --- [20.307170414699378, 20.604133909560193, 20.264974415558235, 20.020290537478417, 20.073941654234808]
test_miscalibration0part: 0.1578746010709075 +- 0.018592326354925953 --- [0.1757028300817464, 0.12780989933041217, 0.16916976291062394, 0.14458630957304494, 0.1721042034587101]
test_miscalibration1part: 0.17844970353926762 +- 0.020262252653938145 --- [0.19724195118862342, 0.1452053769966473, 0.1909944283870104, 0.1646508981804093, 0.19415586294364764]
test_miscalibration2part: 0.1536544805128664 +- 0.018216289721135263 --- [0.17100775975604948, 0.12413547228783958, 0.16466417805431158, 0.14072738119022163, 0.16773761127590964]
test_conformal_prediction0part: 117.47580547534801 +- 2.8085281321042124 --- [116.35652555110221, 118.44482624568333, 114.78760150043391, 122.50006723827119, 115.29000684124946]
test_conformal_prediction1part: 0.8720870312052676 +- 0.007142613307201738 --- [0.8670197537933009, 0.8714572001145148, 0.8658746063555682, 0.8857715430861723, 0.8703120526767821]
test_conformal_prediction2part: 117.98725838954695 +- 2.8316037141116515 --- [116.70722974967792, 118.93231615295323, 114.95523769357912, 123.039494656165, 116.30201369535946]
test_conformal_prediction3part: 0.8725450901803606 +- 0.006994193635408018 --- [0.868021757801317, 0.8716003435442313, 0.8660177497852849, 0.8859146865158889, 0.8711709132550816]
