
 Model Type: mdn - Dataset: {'data_type': 'voest', 'data_path': 'datasets/voest_datasets/', 'only_use_columns': 'v5', 'original': True, 'remove_quantiles': 0.001, 'val_split': 0.15, 'test_split': 0.2, 'random_state': 1337}
Best Config cv run 0:
{'config_id': 'mdn_voest_realistic_normal', 'seeds': [42, 43, 44, 45, 46], 'data_seed': 0, 'training_hyperparameters': {'early_stopping_patience': 10, 'epochs': 500, 'clip_gradient_norm': 4.0, 'batch_size': 64, 'use_lr_scheduler': True, 'optimizer_hyperparameters': {'lr': 0.0002, 'betas': [0.9, 0.999], 'eps': 1e-08, 'weight_decay': 0.0}, 'optimizer': 'adam', 'input_noise_x': 0.02, 'input_noise_y': 0.05, 'loss_hyperparameters': {'reliability_loss_weight': 0.0, 'weights_entropy_loss_weight': 0.125, 'loss_calculation_in_normalised_domain': True, 'pinball_loss_weight': 1.0, 'nll_loss_weight': 1.0}, 'eval_metric_for_best_model': 'val_nll_loss', 'evaluation_function_names': ['miscalibration', 'conformal_prediction'], 'slow_first_n_batches': 1, 'log_train_every_n': 10, 'noisy_start': True, 'noise_level': 0.5, 'noise_decay': 0.2}, 'data_hyperparameters': {'data_type': 'voest', 'data_path': 'datasets/voest_datasets/', 'only_use_columns': 'v5', 'original': True, 'remove_quantiles': 0.001, 'val_split': 0.15, 'test_split': 0.2, 'random_state': 1337}, 'model_hyperparameters': {'model_class': 'mdn', 'n_hidden': [64, 128, 128, 64], 'n_distributions': 256, 'dropout_rate': 0.04, 'activation_function': 'relu', 'distribution_type': 'gaussian', 'std_stability_mode': 'softplus', 'use_layer_norm': False, 'force_equal_weights': True, 'force_equal_std': True, 'train_equal_std': True}}Best mean cv score: 5.530770335049504
Results for mdn
test_mean_weights: 0.00390625 +- 0.0 --- [0.00390625, 0.00390625, 0.00390625, 0.00390625, 0.00390625]
test_std_weights: 0.0 +- 0.0 --- [0.0, 0.0, 0.0, 0.0, 0.0]
test_mean_mu: 91.11354174020126 +- 3.3916428535774723 --- [97.29790037926719, 91.41228119909951, 89.28282367783838, 87.20513483326516, 90.369568611536]
test_std_mu: 120.93137068334843 +- 8.608105521404642 --- [136.21068204087445, 115.13350832349688, 124.07406621234587, 111.98644900055761, 117.2521478394673]
test_mean_sigma: 30.00102005004883 +- 0.36841280113298097 --- [29.908195515809275, 29.980531692504883, 30.531799296202443, 30.180061360535838, 29.4045123851917]
test_std_sigma: 4.204248515166494e-06 +- 2.5322623311219297e-06 --- [7.649598338697484e-06, 3.814697265625e-06, 2.0203807447484255e-08, 3.7944934581775157e-06, 5.742249705884984e-06]
test_nll_loss: 5.607295943030033 +- 0.010809917205867532 --- [5.626115687010181, 5.5940448358002275, 5.610764143905836, 5.6018730052180254, 5.603682043215896]
test_nll_loss_normalized: -0.017260599777959938 +- 0.010809917205867601 --- [0.0015591442021878578, -0.03051170700776553, -0.013792398902156992, -0.022683537589967884, -0.02087449959209714]
test_weights_entropy: 5.545177460808895 +- 0.0 --- [5.545177460808895, 5.545177460808895, 5.545177460808895, 5.545177460808895, 5.545177460808895]
test_misclibration_area: 0.05908629679249857 +- 0.00310918361232902 --- [0.05543226551402103, 0.05833800563217063, 0.05878703334151999, 0.06484892325315303, 0.05802525622162818]
test_pinball_loss: 25.745166109982243 +- 0.10862640298329167 --- [25.93047746231861, 25.694328056923, 25.796172318129564, 25.68612142323151, 25.618731289308528]
test_miscalibration0part: 0.11253019837161855 +- 0.012898703702358426 --- [0.08796736035755157, 0.11617233945686566, 0.11651015738993158, 0.126289717010533, 0.11571141764321097]
test_miscalibration1part: 0.13031669055497513 +- 0.014526391329326416 --- [0.10277503078727165, 0.1342690206004049, 0.13453648256224887, 0.1461463820924057, 0.1338565367325445]
test_miscalibration2part: 0.10853536177118357 +- 0.012912267304584163 --- [0.08394429980940646, 0.1121118393594134, 0.11251167704306186, 0.12230613055558182, 0.11180286208845434]
test_conformal_prediction0part: 198.84525678030167 +- 6.839567707098024 --- [211.05355898739444, 191.2910707016712, 200.84500641908818, 194.60890139654308, 196.42774639681147]
test_conformal_prediction1part: 0.8972230174634983 +- 0.005196717681268645 --- [0.9063841969653593, 0.8903521328371028, 0.8976524477526482, 0.8957915831663327, 0.8959347265960492]
test_conformal_prediction2part: 200.55826359750753 +- 7.267833619158227 --- [213.71059487837283, 192.46454530154057, 202.14086697390317, 196.5105299885485, 197.9647808451725]
test_conformal_prediction3part: 0.8977669624964214 +- 0.005147912201753619 --- [0.906813627254509, 0.8909247065559691, 0.8982250214715145, 0.8962210134554824, 0.8966504437446321]

 Model Type: mdn - Dataset: {'data_type': 'voest', 'data_path': 'datasets/voest_datasets/', 'only_use_columns': 'v5', 'original': False, 'remove_quantiles': 0.001, 'val_split': 0.15, 'test_split': 0.2, 'random_state': 1337}
Best Config cv run 0:
{'config_id': 'mdn_voest_ideal_normal', 'seeds': [42, 43, 44, 45, 46], 'data_seed': 0, 'training_hyperparameters': {'early_stopping_patience': 10, 'epochs': 500, 'clip_gradient_norm': 4.0, 'batch_size': 64, 'use_lr_scheduler': True, 'optimizer_hyperparameters': {'lr': 0.0002, 'betas': [0.9, 0.999], 'eps': 1e-08, 'weight_decay': 0.0}, 'optimizer': 'adam', 'input_noise_x': 0.02, 'input_noise_y': 0.05, 'loss_hyperparameters': {'reliability_loss_weight': 0.0, 'weights_entropy_loss_weight': 0.125, 'loss_calculation_in_normalised_domain': True, 'pinball_loss_weight': 1.0, 'nll_loss_weight': 1.0}, 'eval_metric_for_best_model': 'val_nll_loss', 'evaluation_function_names': ['miscalibration', 'conformal_prediction'], 'slow_first_n_batches': 1, 'log_train_every_n': 10, 'noisy_start': True, 'noise_level': 0.5, 'noise_decay': 0.2}, 'data_hyperparameters': {'data_type': 'voest', 'data_path': 'datasets/voest_datasets/', 'only_use_columns': 'v5', 'original': False, 'remove_quantiles': 0.001, 'val_split': 0.15, 'test_split': 0.2, 'random_state': 1337}, 'model_hyperparameters': {'model_class': 'mdn', 'n_hidden': [64, 128, 128, 64], 'n_distributions': 256, 'dropout_rate': 0.04, 'activation_function': 'relu', 'distribution_type': 'gaussian', 'std_stability_mode': 'softplus', 'use_layer_norm': False, 'force_equal_weights': True, 'force_equal_std': True, 'train_equal_std': True}}Best mean cv score: 5.052601343123042
Results for mdn
test_mean_weights: 0.00390625 +- 0.0 --- [0.00390625, 0.00390625, 0.00390625, 0.00390625, 0.00390625]
test_std_weights: 0.0 +- 0.0 --- [0.0, 0.0, 0.0, 0.0, 0.0]
test_mean_mu: 98.42553269598977 +- 0.8511750418349285 --- [98.02676617010528, 98.72854356959594, 99.858769728876, 98.21672015950497, 97.29686385186668]
test_std_mu: 129.7128537776236 +- 3.568735661462589 --- [133.71018365116814, 130.39953273202028, 123.14899490229762, 131.7431997216741, 129.56235788095793]
test_mean_sigma: 22.565310287475587 +- 0.16731361165059475 --- [22.700601597962596, 22.798421839537404, 22.331554412841797, 22.540517807006836, 22.455455780029297]
test_std_sigma: 2.2807368363960064e-06 +- 1.4295215322666043e-06 --- [1.8871448253650157e-06, 1.8871448253650157e-06, 3.814697265625e-06, 0.0, 3.814697265625e-06]
test_nll_loss: 5.185623871382552 +- 0.00521147010189022 --- [5.190385938066143, 5.186555881538467, 5.185697663113616, 5.189654110292292, 5.175825763902246]
test_nll_loss_normalized: -0.4389326714254402 +- 0.00521147010189021 --- [-0.43417060474184976, -0.43800066126952564, -0.4388588796943776, -0.43490243251570104, -0.44873077890574675]
test_weights_entropy: 5.545177460808895 +- 0.0 --- [5.545177460808895, 5.545177460808895, 5.545177460808895, 5.545177460808895, 5.545177460808895]
test_misclibration_area: 0.07367047690539792 +- 0.0016553737679310461 --- [0.07457894064654534, 0.07056463065066858, 0.07507294167292825, 0.0733798697586562, 0.07475600179819128]
test_pinball_loss: 19.574245844507097 +- 0.06852443724133875 --- [19.554099645650115, 19.5612268325015, 19.695174991794413, 19.577414463762906, 19.483313288826537]
test_miscalibration0part: 0.13460635182647968 +- 0.007475800755266028 --- [0.13418837413383766, 0.13081018726087865, 0.1268451159231785, 0.13244202305585992, 0.14874605875864363]
test_miscalibration1part: 0.1553813341999682 +- 0.008439368985533944 --- [0.1548083141817256, 0.15106841175255173, 0.14665342721903593, 0.15301383022862042, 0.17136268761790724]
test_miscalibration2part: 0.13025336798644155 +- 0.007653684848286132 --- [0.12972571209580722, 0.12634287657247653, 0.12224382518732271, 0.1282401375670915, 0.14471428850950976]
test_conformal_prediction0part: 118.5236069376476 +- 1.6683544919117859 --- [120.55318232726614, 117.03839941322377, 117.50635087138564, 120.555238266712, 116.96486380965055]
test_conformal_prediction1part: 0.878013169195534 +- 0.003087919315486704 --- [0.8763240767248783, 0.8790438018894933, 0.8756083595762955, 0.8836243916404237, 0.8754652161465789]
test_conformal_prediction2part: 120.15937846675493 +- 1.806066060885062 --- [122.56279984634448, 118.60577782238585, 118.90814734938627, 122.15912775607018, 118.56103955958793]
test_conformal_prediction3part: 0.8784139707987404 +- 0.0031668037352475774 --- [0.8764672201545949, 0.8797595190380761, 0.8760377898654452, 0.8840538219295734, 0.875751503006012]
