 Model Type: kmn - Dataset: {'data_type': 'conformal', 'dataset_name': 'concrete', 'val_split': 0.1, 'test_split': 0.2, 'random_state': 1337}
Best Config cv run 0:
{'config_id': 'kmn_concrete', 'seeds': [42, 43, 44, 45, 46], 'data_seed': 0, 'training_hyperparameters': {'early_stopping_patience': 4, 'epochs': 500, 'clip_gradient_norm': 8.930254566923274, 'batch_size': 42, 'optimizer_hyperparameters': {'lr': 0.001182739955821768, 'betas': [0.9, 0.999], 'eps': 1e-08, 'weight_decay': 0.0}, 'optimizer': 'adam', 'input_noise_x': 0.020031875442565693, 'input_noise_y': 0.04165688834194301, 'loss_hyperparameters': {'reliability_loss_weight': 1.7295675929515602, 'gumbel_tau': 0.3798002463978139, 'sigmoid_steepness': 11.291432603644836, 'weights_entropy_loss_weight': 0.27350117988992856, 'loss_calculation_in_normalised_domain': True}, 'eval_metric_for_best_model': 'val_nll_loss', 'evaluation_function_names': ['miscalibration', 'conformal_prediction'], 'slow_first_n_batches': 1, 'noisy_start': True, 'noise_level': 0.323196001561208, 'noise_decay': 0.39518875338218595}, 'data_hyperparameters': {'data_type': 'conformal', 'dataset_name': 'concrete', 'val_split': 0.1, 'test_split': 0.2, 'random_state': 1337}, 'model_hyperparameters': {'model_class': 'kmn', 'n_hidden': [128, 128, 128], 'dropout_rate': 9.592586332601784e-05, 'activation_function': 'relu', 'center_selection_method': 'agglomerative', 'trainable_scales': True, 'initial_kernel_scales': [0.7, 0.3], 'n_centers': 88, 'keep_edges': False}}Best mean cv score: 3.0505061762119694
Results for kmn
test_mean_weights: 0.00568181829356053 +- 1.1517805736938057e-10 --- [0.005681818351149559, 0.005681818351149559, 0.005681818063204416, 0.005681818351149559, 0.005681818351149559]
test_std_weights: 0.013119791845840533 +- 0.00043131641017732673 --- [0.01364979406611787, 0.013603668075036887, 0.012648310422321448, 0.012697367227055889, 0.012999819438670568]
test_nll_loss: 3.1153830265653304 +- 0.014867611787714709 --- [3.1212854062877415, 3.1021256746301327, 3.0949653220061517, 3.1360550295327596, 3.1224837003698673]
test_nll_loss_normalized: 0.2966159396701389 +- 0.014867611787714632 --- [0.3025183193925498, 0.2833585877349411, 0.27619823511096014, 0.31728794263756793, 0.30371661347467543]
test_weights_entropy: 3.755773483497509 +- 0.02167705918724069 --- [3.7297742170988073, 3.741446232450181, 3.768800597259964, 3.790939552196558, 3.747906818482035]
test_misclibration_area: 0.05511640857383249 +- 0.0029313577791807758 --- [0.054607819819795914, 0.05404524757090398, 0.05344980926329387, 0.052646216562980616, 0.060832949652188065]
test_miscalibration0part: 0.04963286026664403 +- 0.009514659992579206 --- [0.033623195500765445, 0.048454114204443594, 0.051352664468369044, 0.0513526667719302, 0.06338166038771183]
test_miscalibration1part: 0.059174290947292166 +- 0.012423053177184968 --- [0.040879986712322146, 0.05423218155828651, 0.05989077010592401, 0.061532905136329544, 0.07933561122359861]
test_miscalibration2part: 0.04640933327052904 +- 0.009630856155012467 --- [0.031207440555959507, 0.04413587229263379, 0.04855158363563427, 0.046817802576627134, 0.061333967291790505]
test_conformal_prediction0part: 19.592493914175726 +- 0.17540855213953363 --- [19.47452209767512, 19.653373386548914, 19.6153240111715, 19.86953750094354, 19.349712574539552]
test_conformal_prediction1part: 0.9159420289855073 +- 0.01040611556934204 --- [0.9130434782608695, 0.9227053140096618, 0.9082125603864735, 0.9323671497584541, 0.9033816425120773]

 Model Type: mdn - Dataset: {'data_type': 'conformal', 'dataset_name': 'meps_21', 'val_split': 0.1, 'test_split': 0.2, 'random_state': 1337}
Best Config cv run 0:
{'config_id': 'mdn_meps_21', 'seeds': [42, 43, 44, 45, 46], 'data_seed': 0, 'training_hyperparameters': {'early_stopping_patience': 4, 'epochs': 500, 'clip_gradient_norm': 2.7264463309998828, 'batch_size': 120, 'optimizer_hyperparameters': {'lr': 0.000143430346129379, 'betas': [0.9, 0.999], 'eps': 1e-08, 'weight_decay': 0.0}, 'optimizer': 'adam', 'input_noise_x': 0.024545201636225363, 'input_noise_y': 0.02016798627481069, 'loss_hyperparameters': {'reliability_loss_weight': 1.299894785288047, 'gumbel_tau': 0.0025768486112510308, 'sigmoid_steepness': 311.21531725371113, 'weights_entropy_loss_weight': 0.23039174613296476, 'loss_calculation_in_normalised_domain': True}, 'eval_metric_for_best_model': 'val_nll_loss', 'evaluation_function_names': ['miscalibration', 'conformal_prediction'], 'slow_first_n_batches': 1, 'noisy_start': True, 'noise_level': 0.5616440813478528, 'noise_decay': 0.7819450459742617}, 'data_hyperparameters': {'data_type': 'conformal', 'dataset_name': 'meps_21', 'val_split': 0.1, 'test_split': 0.2, 'random_state': 1337}, 'model_hyperparameters': {'model_class': 'mdn', 'n_hidden': [64, 128, 128, 64], 'n_distributions': 39, 'dropout_rate': 0.023723134322360635, 'activation_function': 'leaky_relu', 'distribution_type': 'gaussian', 'std_stability_mode': 'softplus'}}Best mean cv score: 2.5736793801829108
Results for mdn
test_mean_weights: 0.025641025975346565 +- 0.0 --- [0.025641025975346565, 0.025641025975346565, 0.025641025975346565, 0.025641025975346565, 0.025641025975346565]
test_std_weights: 0.007994861603449283 +- 0.0004185813167488771 --- [0.008101853963087574, 0.007782175149744802, 0.008604002625254455, 0.008144128483649947, 0.007342147795509638]
test_mean_mu: 8.404581381747855 +- 0.35084154676532836 --- [8.209830475340706, 8.755193816290962, 8.860265240967655, 8.271942018092364, 7.925675358047583]
test_std_mu: 16.834135000245933 +- 0.5642896698417001 --- [16.168955782211906, 17.420281591695538, 17.2656197237329, 17.18601530082381, 16.12980260276551]
test_mean_sigma: 4.154148698614323 +- 0.18978517700606548 --- [4.132674711112927, 4.3189525275394836, 4.3718604091483515, 4.1148666263692375, 3.8323892189016133]
test_std_sigma: 10.638113790392724 +- 0.7997675505527443 --- [10.047588298451702, 11.351731219967663, 11.189368149329876, 11.25197104384616, 9.349910240368215]
test_nll_loss: 2.6081516933319366 +- 0.013283501254669754 --- [2.6194633006440573, 2.6079351490941542, 2.6237983265142333, 2.603495240972721, 2.5860664494345165]
test_nll_loss_normalized: -0.7193734443050691 +- 0.013283501254669644 --- [-0.7080618369929483, -0.7195899885428515, -0.7037268111227725, -0.7240298966642845, -0.741458688202489]
test_weights_entropy: 3.6175484570811385 +- 0.00413624914697222 --- [3.6162417668796896, 3.6195201362229854, 3.611303375750818, 3.6167763360463185, 3.623900670505879]
test_misclibration_area: 0.07186175477459056 +- 0.01650841453405312 --- [0.0711172676025527, 0.0807582818228623, 0.09724824699557756, 0.06125875755592629, 0.048926219896033955]
test_miscalibration0part: 0.07282247088116856 +- 0.013667935948860555 --- [0.07508939215354384, 0.062177517481081634, 0.05287355877278256, 0.08411876482372845, 0.08985312117470635]
test_miscalibration1part: 0.0826709956044895 +- 0.013912105286067303 --- [0.08470158360774795, 0.07265486304635137, 0.06197901734294867, 0.09355077981035372, 0.10046873421504579]
test_miscalibration2part: 0.06927768514226376 +- 0.013771966758895072 --- [0.07166182172709498, 0.05845727903785072, 0.04918823426406198, 0.08079048644841708, 0.08629060423389401]
test_conformal_prediction0part: 16.713680020815872 +- 0.44249212228802604 --- [16.603942033127044, 17.16657673140291, 17.215285183064935, 16.568261781110312, 16.014334375374162]
test_conformal_prediction1part: 0.8951468710089401 +- 0.004936436293764428 --- [0.894316730523627, 0.8981481481481481, 0.9029374201787995, 0.8911238825031929, 0.8892081736909323]


 Model Type: mdn - Dataset: {'data_type': 'conformal', 'dataset_name': 'concrete', 'val_split': 0.1, 'test_split': 0.2, 'random_state': 1337}
Best Config cv run 0:
{'config_id': 'mdn_concrete', 'seeds': [42, 43, 44, 45, 46], 'data_seed': 0, 'training_hyperparameters': {'early_stopping_patience': 4, 'epochs': 500, 'clip_gradient_norm': 3.9567871786629687, 'batch_size': 32, 'optimizer_hyperparameters': {'lr': 0.0006121688139717181, 'betas': [0.9, 0.999], 'eps': 1e-08, 'weight_decay': 0.0}, 'optimizer': 'adam', 'input_noise_x': 0.02933645759372976, 'input_noise_y': 0.10196154684594377, 'loss_hyperparameters': {'reliability_loss_weight': 0.365720450553225, 'gumbel_tau': 1.1521175887427013, 'sigmoid_steepness': 0.20508246702489455, 'weights_entropy_loss_weight': 1.5797921434537543, 'loss_calculation_in_normalised_domain': True}, 'eval_metric_for_best_model': 'val_nll_loss', 'evaluation_function_names': ['miscalibration', 'conformal_prediction'], 'slow_first_n_batches': 1, 'noisy_start': True, 'noise_level': 0.6390283600229554, 'noise_decay': 0.9599032278231587}, 'data_hyperparameters': {'data_type': 'conformal', 'dataset_name': 'concrete', 'val_split': 0.1, 'test_split': 0.2, 'random_state': 1337}, 'model_hyperparameters': {'model_class': 'mdn', 'n_hidden': [128, 128, 128], 'n_distributions': 48, 'dropout_rate': 0.013907003938088209, 'activation_function': 'relu', 'distribution_type': 'gaussian', 'std_stability_mode': 'softplus'}}Best mean cv score: 3.062354059607033
Results for mdn
test_mean_weights: 0.02083333395421505 +- 0.0 --- [0.02083333395421505, 0.02083333395421505, 0.02083333395421505, 0.02083333395421505, 0.02083333395421505]
test_std_weights: 0.0013714685451221352 +- 0.00015520376344357344 --- [0.0014204576854472575, 0.0015223191135477472, 0.0013159929031218236, 0.0015015081381020339, 0.0010970648853918133]
test_mean_mu: 37.01402857683708 +- 1.1648352246568248 --- [37.48784182267489, 35.022521806799844, 38.2562337866152, 37.86331563756086, 36.44022983053456]
test_std_mu: 15.49745401852373 +- 0.32895627270796085 --- [16.07213224880937, 15.076456295695282, 15.493564955854186, 15.316886321358059, 15.528230270901739]
test_mean_sigma: 4.299596938994772 +- 0.20307916855265423 --- [4.214925408939233, 4.120327099509861, 4.689263366846647, 4.296548622241919, 4.176920197436199]
test_std_sigma: 1.8383210634839706 +- 0.08090825315625108 --- [1.752539042689374, 1.8937876374249296, 1.9551823956954881, 1.7455811362335647, 1.844515105376497]
test_nll_loss: 3.174700485450634 +- 0.04586681424756793 --- [3.153974597580767, 3.172831954587485, 3.2250209937349035, 3.2207091695444596, 3.1009657118055554]
test_nll_loss_normalized: 0.35593339855544237 +- 0.045866814247567826 --- [0.3352075106855752, 0.3540648676922932, 0.40625390683971163, 0.40194208264926784, 0.28219862491036385]
test_weights_entropy: 3.8689954085050573 +- 0.0004797541529957944 --- [3.868837218353714, 3.8684816222259966, 3.8692138966730827, 3.8686258067255435, 3.8698184985469504]
test_misclibration_area: 0.19324239095052081 +- 0.004599430390653099 --- [0.19125010541095827, 0.20197338528103298, 0.18965680126982612, 0.18969773555147476, 0.19363392723931205]
test_miscalibration0part: 0.06070532015556298 +- 0.03166604103902337 --- [0.030676338407728408, 0.11888887801608025, 0.06724639330509204, 0.04975847000085213, 0.03695652104806209]
test_miscalibration1part: 0.06974810286996444 +- 0.03313746482264349 --- [0.03724366224906295, 0.1294599155297026, 0.08023173106465363, 0.05581210546447459, 0.0459931000419285]
test_miscalibration2part: 0.05782406019127887 +- 0.030752104041314978 --- [0.02775287628173828, 0.11382078548560395, 0.06515794790885299, 0.04758455096811488, 0.03480414031208425]
test_conformal_prediction0part: 19.63818960880888 +- 0.9886414973173283 --- [19.459265077747585, 18.794594585031703, 21.126088607714372, 20.35976951709692, 18.451230256453805]
test_conformal_prediction1part: 0.8879227053140095 +- 0.012744836674659834 --- [0.9082125603864735, 0.8743961352657005, 0.8743961352657005, 0.8888888888888888, 0.893719806763285]

 Model Type: mdn - Dataset: {'data_type': 'conformal', 'dataset_name': 'star', 'val_split': 0.1, 'test_split': 0.2, 'random_state': 1337}
Best Config cv run 0:
{'config_id': 'mdn_star', 'seeds': [42, 43, 44, 45, 46], 'data_seed': 0, 'training_hyperparameters': {'early_stopping_patience': 4, 'epochs': 500, 'clip_gradient_norm': 3.1422019351964177, 'batch_size': 113, 'optimizer_hyperparameters': {'lr': 0.0004385317893614137, 'betas': [0.9, 0.999], 'eps': 1e-08, 'weight_decay': 0.0}, 'optimizer': 'adam', 'input_noise_x': 0.16514998976731038, 'input_noise_y': 0.09334401915824049, 'loss_hyperparameters': {'reliability_loss_weight': 1.9521705697548672, 'gumbel_tau': 0.26244772935410077, 'sigmoid_steepness': 0.26692909054358294, 'weights_entropy_loss_weight': 0.7725501372687189, 'loss_calculation_in_normalised_domain': True}, 'eval_metric_for_best_model': 'val_nll_loss', 'evaluation_function_names': ['miscalibration', 'conformal_prediction'], 'slow_first_n_batches': 1, 'noisy_start': True, 'noise_level': 0.6322161677443145, 'noise_decay': 0.29879576180512357}, 'data_hyperparameters': {'data_type': 'conformal', 'dataset_name': 'star', 'val_split': 0.1, 'test_split': 0.2, 'random_state': 1337}, 'model_hyperparameters': {'model_class': 'mdn', 'n_hidden': [32, 32], 'n_distributions': 31, 'dropout_rate': 0.3800858869029287, 'activation_function': 'relu', 'distribution_type': 'gaussian', 'std_stability_mode': 'softplus'}}Best mean cv score: 6.904672608689926
Results for mdn
test_mean_weights: 0.032258063554763794 +- 0.0 --- [0.032258063554763794, 0.032258063554763794, 0.032258063554763794, 0.032258063554763794, 0.032258063554763794]
test_std_weights: 0.001161949979152109 +- 4.4026329943946495e-05 --- [0.0011847527497652359, 0.0011558268651017795, 0.001232096848215727, 0.001133438457055211, 0.001103634975622591]
test_mean_mu: 4491.922308702006 +- 2.3302364999653498 --- [4493.075168248412, 4491.260836911807, 4494.805424996392, 4492.620154400621, 4487.8499589528]
test_std_mu: 115.93539108029688 +- 2.870187049134359 --- [115.2135192483457, 120.73650051760067, 112.62477538216747, 117.334693256757, 113.7674669966136]
test_mean_sigma: 207.25520577728062 +- 1.3259889767549187 --- [209.23981886372556, 205.50245994233094, 207.09646098993667, 206.28254801902153, 208.1547410713883]
test_std_sigma: 29.130602386862243 +- 0.8035677847548578 --- [29.11354532748392, 29.549580496948806, 30.358296881096468, 27.985858908426405, 28.645730320355632]
test_nll_loss: 6.888614081895929 +- 0.0025340703027593005 --- [6.888579969868649, 6.884389476467776, 6.891672041895208, 6.890661367367927, 6.887767553880088]
test_nll_loss_normalized: 1.3208617459268548 +- 0.002534070302759433 --- [1.3208276338995741, 1.316637140498701, 1.3239197059261332, 1.3229090313988525, 1.3200152179110132]
test_weights_entropy: 3.433335901132632 +- 5.103627088165823e-05 --- [3.433308660846384, 3.433346860678587, 3.4332535107196342, 3.433369343605658, 3.433401129812897]
test_misclibration_area: 0.07287999884360932 +- 0.001980812179746334 --- [0.07261437356609671, 0.06996800882987007, 0.07620007006180479, 0.07294072179816337, 0.07267681996211169]
test_miscalibration0part: 0.04390762496490126 +- 0.0014801090275861836 --- [0.0448498885570993, 0.04224018687188763, 0.045565824310443696, 0.04487298377391648, 0.0420092413111592]
test_miscalibration1part: 0.05251476858284402 +- 0.0017758976769223782 --- [0.054130503542153444, 0.05074197645826097, 0.05430739856482103, 0.05334994919580896, 0.05004401515317569]
test_miscalibration2part: 0.04055692373192062 +- 0.0013033885791584124 --- [0.04103509713540727, 0.03922593318287275, 0.04214764522349862, 0.0415465143481248, 0.0388294287696997]
test_conformal_prediction0part: 807.164271795612 +- 2.671519979828219 --- [811.3759111576212, 808.3927359988453, 803.7659046622401, 807.3276378464203, 804.959169312933]
test_conformal_prediction1part: 0.9085450346420323 +- 0.0023552053180567285 --- [0.9122401847575058, 0.9099307159353349, 0.9076212471131639, 0.9076212471131639, 0.9053117782909931]


Best Config cv run 0:
{'config_id': 'mdn_gmm_2_10000', 'seeds': [42, 43, 44, 45, 46], 'data_seed': 0, 'training_hyperparameters': {'early_stopping_patience': 4, 'epochs': 500, 'clip_gradient_norm': 4.376217812403885, 'batch_size': 74, 'optimizer_hyperparameters': {'lr': 0.0031976441511090132, 'betas': [0.9, 0.999], 'eps': 1e-08, 'weight_decay': 0.0}, 'optimizer': 'adam', 'input_noise_x': 0.030333965792249257, 'input_noise_y': 0.02984058696601817, 'loss_hyperparameters': {'reliability_loss_weight': 1.7410961789207373, 'gumbel_tau': 0.01592829507394179, 'sigmoid_steepness': 5.276268531596624, 'weights_entropy_loss_weight': 0.03595890164466503, 'loss_calculation_in_normalised_domain': True}, 'eval_metric_for_best_model': 'val_nll_loss', 'evaluation_function_names': ['miscalibration', 'conformal_prediction', 'hellinger_distance', 'wasserstein_distance', 'kl_divergence'], 'slow_first_n_batches': 1, 'noisy_start': False}, 'data_hyperparameters': {'data_type': 'synthetic', 'data_path': 'datasets/simulated_data/gmm_2_10000/gmm_2_10000', 'random_state': 1337}, 'model_hyperparameters': {'model_class': 'mdn', 'n_hidden': [64, 512, 64], 'n_distributions': 32, 'dropout_rate': 0.017175494928589483, 'activation_function': 'relu', 'distribution_type': 'gaussian', 'std_stability_mode': 'softplus'}}Best mean cv score: 2.344743253389994
Results for mdn
test_mean_weights: 0.03125 +- 0.0 --- [0.03125, 0.03125, 0.03125, 0.03125, 0.03125]
test_std_weights: 0.03334043734371662 +- 0.004021855498740646 --- [0.0370732898414135, 0.03906093734502793, 0.031907672509551045, 0.029347053781151773, 0.029313233241438866]
test_mean_mu: 0.18227155163288117 +- 0.15491927689981122 --- [0.37839613103866576, 0.20829291713237763, 0.17391029465198518, -0.09482081091403961, 0.24557922625541687]
test_std_mu: 4.13859196243286 +- 0.07037450967757437 --- [4.069508213043213, 4.132970600128174, 4.271974502563476, 4.094315517425537, 4.124190979003906]
test_mean_sigma: 1.2763614656448365 +- 0.05336636318434136 --- [1.326446901321411, 1.3017612371444702, 1.211087134361267, 1.3294508514404297, 1.213061203956604]
test_std_sigma: 0.7032124168395997 +- 0.04953139444825995 --- [0.7355730209350586, 0.7627212085723877, 0.6330836167335511, 0.7278661589622497, 0.656818078994751]
test_nll_loss: 2.3649692016601565 +- 0.010860649112602958 --- [2.3761173629760743, 2.345651382446289, 2.3632792587280274, 2.3744182434082033, 2.3653797607421874]
test_nll_loss_normalized: 0.818926400756836 +- 0.01086064911260288 --- [0.8300745620727539, 0.7996085815429688, 0.817236457824707, 0.8283754425048828, 0.8193369598388672]
test_weights_entropy: 3.115956982421875 +- 0.04289716765930975 --- [3.082670425415039, 3.0485793533325194, 3.138713447570801, 3.1553755950927735, 3.1544460906982423]
test_misclibration_area: 0.03295619034767151 +- 0.0035222228936520497 --- [0.039167567789554596, 0.02987133079767227, 0.02954380750656128, 0.03203905528783798, 0.034159190356731414]
test_miscalibration0part: 0.0289539963901043 +- 0.0035256901310736334 --- [0.026049998879432677, 0.029119994968175886, 0.025709998548030855, 0.03549999356269837, 0.028389995992183684]
test_miscalibration1part: 0.03468912541866302 +- 0.0036486914675831466 --- [0.031456293344497684, 0.0354283481836319, 0.032033474802970884, 0.041462396502494815, 0.03306511425971985]
test_miscalibration2part: 0.02602677580714226 +- 0.003597600870211922 --- [0.023093649327754973, 0.02657351991534233, 0.022979745626449586, 0.032728837847709656, 0.024758126318454744]
test_conformal_prediction0part: 10.749032049560547 +- 0.13179413616493243 --- [10.817611480712891, 10.68849496459961, 10.863021087646484, 10.858370788574218, 10.51766192626953]
test_conformal_prediction1part: 0.9241999999999999 +- 0.005153639490690072 --- [0.9215, 0.9185, 0.9285, 0.932, 0.9205]
test_hellinger_distance: 0.2890723397895694 +- 0.005618090695394945 --- [0.2955944215618074, 0.2802718526609242, 0.28736901410669086, 0.294737452276051, 0.2873889583423734]
test_wasserstein_distance: 0.34508337546605616 +- 0.01371289398380122 --- [0.35899889006838204, 0.3218453059848398, 0.34077471210248766, 0.3587945720106363, 0.345003397163935]
test_kl_divergence: 0.973216860498488 +- 0.019176012945713437 --- [0.9940479943342507, 0.9450969978086651, 0.9592488503046334, 0.9936662473231554, 0.9740242127217352]

 
Best Config cv run 0:
{'config_id': 'kmn_voest_ideal', 'seeds': [42, 43, 44, 45, 46], 'data_seed': 0, 'training_hyperparameters': {'early_stopping_patience': 4, 'epochs': 500, 'clip_gradient_norm': 7.855235531321097, 'batch_size': 207, 'optimizer_hyperparameters': {'lr': 0.003165359224432865, 'betas': [0.9, 0.999], 'eps': 1e-08, 'weight_decay': 0.0}, 'optimizer': 'adam', 'input_noise_x': 0.020044318418122094, 'input_noise_y': 0.02006328220488491, 'loss_hyperparameters': {'reliability_loss_weight': 0.504097284630796, 'gumbel_tau': 0.46208999996547523, 'sigmoid_steepness': 0.597215709052809, 'weights_entropy_loss_weight': 0.09003842138530699, 'loss_calculation_in_normalised_domain': True}, 'eval_metric_for_best_model': 'val_nll_loss', 'evaluation_function_names': ['miscalibration', 'conformal_prediction'], 'slow_first_n_batches': 1, 'noisy_start': True, 'noise_level': 0.718918187055712, 'noise_decay': 0.5410274300166191}, 'data_hyperparameters': {'data_type': 'voest', 'data_path': 'datasets/voest_datasets/', 'original': False, 'val_split': 0.15, 'test_split': 0.2, 'random_state': 1337}, 'model_hyperparameters': {'model_class': 'kmn', 'n_hidden': [128, 128], 'dropout_rate': 0.04761718727418078, 'activation_function': 'tanh', 'center_selection_method': 'k_means', 'trainable_scales': True, 'initial_kernel_scales': [0.7, 0.3], 'n_centers': 95, 'keep_edges': True}}Best mean cv score: 4.706767236618768
Results for kmn
test_mean_weights: 0.0052631580538078215 +- 2.3097178659771237e-11 --- [0.005263158043591342, 0.005263158043591342, 0.005263158060618808, 0.005263158026563876, 0.00526315809467374]
test_std_weights: 0.03506393734641866 +- 0.0012507282051518668 --- [0.03436304432979959, 0.03521469892733626, 0.03344080093255675, 0.035075511563600704, 0.037225630978799995]
test_nll_loss: 5.097494727838824 +- 0.022876324723783367 --- [5.13618080630641, 5.087485505349124, 5.084642928730606, 5.070484437630562, 5.108679961177421]
test_nll_loss_normalized: -0.9525512407616434 +- 0.02287632472378333 --- [-0.9138651622940585, -0.9625604632513436, -0.9654030398698623, -0.9795615309699061, -0.9413660074230467]
test_weights_entropy: 1.8027759274658588 +- 0.03653613840470805 --- [1.7955802369332283, 1.7990964386330692, 1.8649671816379747, 1.8038078562019042, 1.750427923923117]
test_misclibration_area: 0.20095058643312186 +- 0.000386729874209215 --- [0.20151607528139465, 0.20112052016250748, 0.20042764587140802, 0.20061729506345632, 0.2010713957868428]
test_miscalibration0part: 0.22746350476783 +- 0.004398905470515581 --- [0.22641336868497547, 0.2254392227229519, 0.2356948995569777, 0.22717611647694302, 0.22259391639730178]
test_miscalibration1part: 0.2546425701566908 +- 0.004793960796671345 --- [0.2534322708679121, 0.2524808531675215, 0.2636686083147005, 0.2541945410735129, 0.24943657735980693]
test_miscalibration2part: 0.20964740709038637 +- 0.0037835943985024684 --- [0.20839196534654683, 0.20760266723981535, 0.21665188517336878, 0.21001980580903518, 0.2055707118831657]
test_conformal_prediction0part: 107.14680740362982 +- 1.0525160728250762 --- [105.91739377633553, 106.06571522148622, 108.39352469736467, 108.28640439758605, 107.07099892537673]
test_conformal_prediction1part: 0.8086844736466219 +- 0.006729778320457814 --- [0.8014569347236109, 0.8040279960005714, 0.8071704042279675, 0.8208827310384231, 0.8098843022425368]

Best Config cv run 0:
{'config_id': 'mdn_voest_ideal', 'seeds': [42, 43, 44, 45, 46], 'data_seed': 0, 'training_hyperparameters': {'early_stopping_patience': 4, 'epochs': 500, 'clip_gradient_norm': 3.901969671732762, 'batch_size': 45, 'optimizer_hyperparameters': {'lr': 0.0002440121543234744, 'betas': [0.9, 0.999], 'eps': 1e-08, 'weight_decay': 0.0}, 'optimizer': 'adam', 'input_noise_x': 0.020232594019869352, 'input_noise_y': 0.020115277279424235, 'loss_hyperparameters': {'reliability_loss_weight': 0.3872807355849693, 'gumbel_tau': 0.03538942951841688, 'sigmoid_steepness': 5.762050443307084, 'weights_entropy_loss_weight': 0.0008923465934140146, 'loss_calculation_in_normalised_domain': True}, 'eval_metric_for_best_model': 'val_nll_loss', 'evaluation_function_names': ['miscalibration', 'conformal_prediction'], 'slow_first_n_batches': 1, 'noisy_start': True, 'noise_level': 0.5719532037163517, 'noise_decay': 0.7380438888422068}, 'data_hyperparameters': {'data_type': 'voest', 'data_path': 'datasets/voest_datasets/', 'original': False, 'val_split': 0.15, 'test_split': 0.2, 'random_state': 1337}, 'model_hyperparameters': {'model_class': 'mdn', 'n_hidden': [64, 128, 64, 32], 'n_distributions': 34, 'dropout_rate': 0.015448393943745455, 'activation_function': 'relu', 'distribution_type': 'gaussian', 'std_stability_mode': 'softplus'}}Best mean cv score: 4.652318529401507
Results for mdn
test_mean_weights: 0.029411764815449715 +- 0.0 --- [0.029411764815449715, 0.029411764815449715, 0.029411764815449715, 0.029411764815449715, 0.029411764815449715]
test_std_weights: 0.0606047683899751 +- 0.018815900533895556 --- [0.05445283502521234, 0.09675971972118223, 0.04455122493666132, 0.05955259804384416, 0.04770746422297545]
test_mean_mu: 91.86233621811701 +- 5.912636219632372 --- [96.72816091645635, 82.22142535763933, 92.98505797738298, 98.70063055414691, 88.67640628495943]
test_std_mu: 120.74777588884486 +- 6.134803929948905 --- [129.29636373139846, 126.33301463819814, 117.27332154976745, 112.67738648234666, 118.15879304251352]
test_mean_sigma: 51.62449291083766 +- 8.141996858296425 --- [67.19461175084642, 51.68909244294883, 46.21156672562314, 44.57897763415041, 48.44821600061947]
test_std_sigma: 104.4422084375171 +- 22.036478308138282 --- [146.84230283212193, 102.99593066447225, 92.51658778578158, 95.61289930078, 84.2433216044297]
test_nll_loss: 5.200305924662827 +- 0.029338718124278244 --- [5.202814719793099, 5.196476805978052, 5.193704758485953, 5.158397860364256, 5.250135478692776]
test_nll_loss_normalized: -0.8497400439376406 +- 0.02933871812427817 --- [-0.847231248807369, -0.8535691626224156, -0.8563412101145149, -0.8916481082362118, -0.7999104899076918]
test_weights_entropy: 2.4513541195600683 +- 0.325360943796356 --- [2.4351373984973406, 1.837163651914124, 2.7665612501785457, 2.5717067819308457, 2.6462015152794858]
test_misclibration_area: 0.08766059058851011 +- 0.011272204665008436 --- [0.08375181986287464, 0.10419171937038824, 0.07839100082641566, 0.07468795793394653, 0.0972804549489255]
test_miscalibration0part: 0.2439691482825103 +- 0.0069925051097073 --- [0.2449964311629972, 0.23745179295522828, 0.24365376493042323, 0.2372803882162429, 0.2564633641476598]
test_miscalibration1part: 0.27433883850616386 +- 0.007357433753662909 --- [0.2757275459715646, 0.2673764313958131, 0.2742622208210455, 0.2670573997524803, 0.2872705945899156]
test_miscalibration2part: 0.22174214037669215 +- 0.006409462308962013 --- [0.22212336686930814, 0.21578355319771386, 0.22152443910186553, 0.21589561122397902, 0.2333837314905941]
test_conformal_prediction0part: 150.20235708514855 +- 8.043680324008472 --- [149.253106141087, 143.5592411184563, 161.1558339043083, 139.77981396072883, 157.26379030116235]
test_conformal_prediction1part: 0.8658477360377089 +- 0.0038384566221783324 --- [0.8621625482073989, 0.8660191401228396, 0.8611626910441366, 0.8714469361519783, 0.8684473646621911]

Best Config cv run 0:
{'config_id': 'kmn_voest_realistic', 'seeds': [42, 43, 44, 45, 46], 'data_seed': 0, 'training_hyperparameters': {'early_stopping_patience': 4, 'epochs': 500, 'clip_gradient_norm': 1.8409861359856468, 'batch_size': 105, 'optimizer_hyperparameters': {'lr': 0.00158649344096681, 'betas': [0.9, 0.999], 'eps': 1e-08, 'weight_decay': 0.0}, 'optimizer': 'adam', 'input_noise_x': 0.08903240515926888, 'input_noise_y': 0.02442890267922234, 'loss_hyperparameters': {'reliability_loss_weight': 0.7805159831473203, 'gumbel_tau': 0.0031676837979879944, 'sigmoid_steepness': 6.155802990676622, 'weights_entropy_loss_weight': 0.07441801595590729, 'loss_calculation_in_normalised_domain': True}, 'eval_metric_for_best_model': 'val_nll_loss', 'evaluation_function_names': ['miscalibration', 'conformal_prediction'], 'slow_first_n_batches': 1, 'noisy_start': False}, 'data_hyperparameters': {'data_type': 'voest', 'data_path': 'datasets/voest_datasets/', 'original': True, 'val_split': 0.15, 'test_split': 0.2, 'random_state': 1337}, 'model_hyperparameters': {'model_class': 'kmn', 'n_hidden': [64, 128, 64, 32], 'dropout_rate': 0.016056063660678986, 'activation_function': 'leaky_relu', 'center_selection_method': 'k_means', 'trainable_scales': True, 'initial_kernel_scales': [0.7, 0.3], 'n_centers': 97, 'keep_edges': True}}Best mean cv score: 5.414185318719773
Results for kmn
test_mean_weights: 0.005154639038972587 +- 1.924839750397226e-11 --- [0.0051546390679192795, 0.005154639050891813, 0.005154639016836882, 0.00515463901943091, 0.005154639039784053]
test_std_weights: 0.019756193596424332 +- 0.0006955349647253513 --- [0.01962373413144478, 0.020831242520849017, 0.020085711363655653, 0.01871525828492861, 0.0195250216812436]
test_nll_loss: 5.593153274769341 +- 0.01695715199764148 --- [5.619761956962343, 5.570523032493684, 5.5806205541367975, 5.600888611197284, 5.593972219056597]
test_nll_loss_normalized: -0.4568926938311268 +- 0.016957151997641397 --- [-0.43028401163812535, -0.47952293610678387, -0.46942541446367037, -0.44915735740318347, -0.456073749543871]
test_weights_entropy: 3.0511968836343693 +- 0.07615268030843389 --- [3.0571871298310622, 2.9359004970551084, 3.036712777255314, 3.1755228161113704, 3.0506611979189913]
test_misclibration_area: 0.19670838131391735 +- 0.0005316749554535396 --- [0.19735039371947632, 0.1965211373263641, 0.19650168896334425, 0.19591626452132815, 0.19725242203907395]
test_miscalibration0part: 0.1905999118269316 +- 0.010091003750750512 --- [0.20266533265742484, 0.17871160994868776, 0.19697471537465386, 0.17837594192618217, 0.1962719592277092]
test_miscalibration1part: 0.21288808565993872 +- 0.009838804339537459 --- [0.22541268780101725, 0.1997321234006845, 0.21776088022058512, 0.2029787118631403, 0.21855602501426624]
test_miscalibration2part: 0.18361461029412354 +- 0.009793676517881877 --- [0.19568292380503086, 0.17082209427720085, 0.1887699157029386, 0.17321696463286443, 0.18958115305258297]
test_conformal_prediction0part: 236.37855278487004 +- 13.076202257767456 --- [231.86905609466504, 227.15163821463005, 231.42821533307742, 262.31048773166333, 229.13336655031424]
test_conformal_prediction1part: 0.9173546636194828 +- 0.00906832189243763 --- [0.9155834880731324, 0.9064419368661619, 0.9140122839594343, 0.9340094272246822, 0.9167261819740037]

Best Config cv run 0:
{'config_id': 'kmn_star', 'seeds': [42, 43, 44, 45, 46], 'data_seed': 0, 'training_hyperparameters': {'early_stopping_patience': 4, 'epochs': 500, 'clip_gradient_norm': 6.369261337633911, 'batch_size': 139, 'optimizer_hyperparameters': {'lr': 0.0007293421893299252, 'betas': [0.9, 0.999], 'eps': 1e-08, 'weight_decay': 0.0}, 'optimizer': 'adam', 'input_noise_x': 0.04562833561727112, 'input_noise_y': 0.19383942078677235, 'loss_hyperparameters': {'reliability_loss_weight': 0.5732998962743457, 'gumbel_tau': 0.052962918720263985, 'sigmoid_steepness': 0.6655383109494789, 'weights_entropy_loss_weight': 0.08159025354118646, 'loss_calculation_in_normalised_domain': True}, 'eval_metric_for_best_model': 'val_nll_loss', 'evaluation_function_names': ['miscalibration', 'conformal_prediction'], 'slow_first_n_batches': 1, 'noisy_start': False}, 'data_hyperparameters': {'data_type': 'conformal', 'dataset_name': 'star', 'val_split': 0.1, 'test_split': 0.2, 'random_state': 1337}, 'model_hyperparameters': {'model_class': 'kmn', 'n_hidden': [128, 128, 128], 'dropout_rate': 0.1403211133336633, 'activation_function': 'relu', 'center_selection_method': 'k_means', 'trainable_scales': False, 'initial_kernel_scales': [0.7, 0.3], 'n_centers': 93, 'keep_edges': True}}Best mean cv score: 6.877612834814416
Results for kmn
test_mean_weights: 0.005376344074561813 +- 6.970580009381715e-11 --- [0.005376344133710476, 0.005376344081014395, 0.005376344133710476, 0.005376343943359326, 0.005376344081014395]
test_std_weights: 0.004320703344269038 +- 0.00010026626442276975 --- [0.004330408878787904, 0.0043561951414301265, 0.004172801595034969, 0.004267739380471081, 0.004476371725621111]
test_nll_loss: 6.8764562452637845 +- 0.0019420540579699777 --- [6.877762298936381, 6.879038751262991, 6.876019625410472, 6.876202378482246, 6.8732581722268336]
test_nll_loss_normalized: 1.3087039092947097 +- 0.0019420540579701579 --- [1.3100099629673065, 1.311286415293916, 1.3082672894413971, 1.308450042513171, 1.3055058362577583]
test_weights_entropy: 4.872068092399051 +- 0.01160261295387583 --- [4.8649317364769775, 4.872759072389669, 4.889685368703089, 4.877638396159606, 4.855325888265914]
test_misclibration_area: 0.07441775672154945 +- 0.001068538122573407 --- [0.07520775156263391, 0.07540498209330006, 0.07524511114829682, 0.07324535962340463, 0.07298557918011178]
test_miscalibration0part: 0.03306697863078833 +- 0.0047910322158993485 --- [0.038429568325950146, 0.025357968812726662, 0.034110861892788294, 0.03722864265529994, 0.030207851467176618]
test_miscalibration1part: 0.03935436817019421 +- 0.005578048167106959 --- [0.04529858681676569, 0.030616574419563416, 0.041141318118599765, 0.04434045302675172, 0.035374908469290436]
test_miscalibration2part: 0.02994595925747385 +- 0.0049319456754037105 --- [0.035555862389315636, 0.022434535808431084, 0.03088183917845094, 0.03445282241213404, 0.026404736499037535]
test_conformal_prediction0part: 808.7691216801386 +- 7.705705648338977 --- [800.2172795178984, 813.9400169601616, 819.6269666570439, 810.0889596564665, 799.9723856091224]
test_conformal_prediction1part: 0.9127020785219399 +- 0.007065615954170135 --- [0.9030023094688222, 0.9191685912240185, 0.9191685912240185, 0.9168591224018475, 0.9053117782909931]

Best Config cv run 0:
{'config_id': 'mdn_voest_realistic', 'seeds': [42, 43, 44, 45, 46], 'data_seed': 0, 'training_hyperparameters': {'early_stopping_patience': 4, 'epochs': 500, 'clip_gradient_norm': 2.897506523483192, 'batch_size': 45, 'optimizer_hyperparameters': {'lr': 0.0003185691988987126, 'betas': [0.9, 0.999], 'eps': 1e-08, 'weight_decay': 0.0}, 'optimizer': 'adam', 'input_noise_x': 0.05486518400474436, 'input_noise_y': 0.025482351391985743, 'loss_hyperparameters': {'reliability_loss_weight': 1.95859691094702, 'gumbel_tau': 0.005325556608950789, 'sigmoid_steepness': 0.5400036092352212, 'weights_entropy_loss_weight': 0.0008781236960362995, 'loss_calculation_in_normalised_domain': True}, 'eval_metric_for_best_model': 'val_nll_loss', 'evaluation_function_names': ['miscalibration', 'conformal_prediction'], 'slow_first_n_batches': 1, 'noisy_start': True, 'noise_level': 0.6554358472400009, 'noise_decay': 0.35317278513408207}, 'data_hyperparameters': {'data_type': 'voest', 'data_path': 'datasets/voest_datasets/', 'original': True, 'val_split': 0.15, 'test_split': 0.2, 'random_state': 1337}, 'model_hyperparameters': {'model_class': 'mdn', 'n_hidden': [64, 128, 128, 64], 'n_distributions': 34, 'dropout_rate': 0.010083866446824264, 'activation_function': 'leaky_relu', 'distribution_type': 'gaussian', 'std_stability_mode': 'softplus'}}Best mean cv score: 5.398151143391926
Results for mdn
test_mean_weights: 0.029411764815449715 +- 0.0 --- [0.029411764815449715, 0.029411764815449715, 0.029411764815449715, 0.029411764815449715, 0.029411764815449715]
test_std_weights: 0.03914525400426298 +- 0.0036936967820672593 --- [0.03848841855931139, 0.033914716866672454, 0.03882435793257955, 0.0390049504825744, 0.04549382618017715]
test_mean_mu: 102.62918201343552 +- 13.610879320128019 --- [94.38415861136572, 95.05287796258075, 93.30825724804032, 101.0943993681619, 129.30621687702887]
test_std_mu: 162.62027230820576 +- 17.878369297949504 --- [147.31621763798495, 151.55312661698267, 149.54622770455748, 170.2476411102125, 194.4381484712912]
test_mean_sigma: 130.32374094742534 +- 8.250361592265557 --- [131.14968713401572, 119.588680496728, 128.96008154317798, 127.04325215241991, 144.87700341078508]
test_std_sigma: 342.5887948345549 +- 29.750782971703618 --- [321.2558765757375, 297.1182380439792, 350.70120006921445, 379.50891039613623, 364.35974908770703]
test_nll_loss: 5.586872912372731 +- 0.01350292654944909 --- [5.585893887891853, 5.607013603769495, 5.593504665000424, 5.5819889673963985, 5.565963437805481]
test_nll_loss_normalized: -0.4631730562277375 +- 0.01350292654944901 --- [-0.4641520807086153, -0.4430323648309728, -0.45654130360004375, -0.46805700120406907, -0.48408253079498686]
test_weights_entropy: 2.908031038726471 +- 0.08168315666349991 --- [2.899321973604775, 3.0141449345127036, 2.922726929077096, 2.9400869455870144, 2.763874410850766]
test_misclibration_area: 0.0761530088128541 +- 0.004662512734080704 --- [0.08022017466001997, 0.08046124567561211, 0.06956380102536011, 0.07147973432760207, 0.0790400883756762]
test_miscalibration0part: 0.21138294349651882 +- 0.0053570614706729205 --- [0.2160062828058516, 0.2141294085695103, 0.20320810969940784, 0.21665476295134456, 0.20691615345647993]
test_miscalibration1part: 0.23081311484844816 +- 0.005646132530378491 --- [0.2357727823691987, 0.23411538549498684, 0.22262583152172719, 0.23610759643022886, 0.22544397842609923]
test_miscalibration2part: 0.19950580223681774 +- 0.005303299587825263 --- [0.20461385302195598, 0.2028388878972577, 0.19106944161404066, 0.20351907727105706, 0.19548775137977725]
test_conformal_prediction0part: 217.6148974253678 +- 7.967665880341459 --- [223.66885032048992, 228.62248361841165, 214.86712054527925, 205.4776033669297, 215.43842927572848]
test_conformal_prediction1part: 0.9022996714755035 +- 0.00849656502642712 --- [0.9132981002713898, 0.9107270389944294, 0.8955863448078846, 0.8913012426796172, 0.9005856306241965]
Best Config cv run 0:
{'config_id': 'kmn_meps_21', 'seeds': [42, 43, 44, 45, 46], 'data_seed': 0, 'training_hyperparameters': {'early_stopping_patience': 4, 'epochs': 500, 'clip_gradient_norm': 7.546935989321466, 'batch_size': 53, 'optimizer_hyperparameters': {'lr': 0.0028986002978478387, 'betas': [0.9, 0.999], 'eps': 1e-08, 'weight_decay': 0.0}, 'optimizer': 'adam', 'input_noise_x': 0.21422663684857443, 'input_noise_y': 0.02022545135659408, 'loss_hyperparameters': {'reliability_loss_weight': 0.5127474338615564, 'gumbel_tau': 0.34861997581650195, 'sigmoid_steepness': 0.19963178061522577, 'weights_entropy_loss_weight': 0.037341133187400455, 'loss_calculation_in_normalised_domain': True}, 'eval_metric_for_best_model': 'val_nll_loss', 'evaluation_function_names': ['miscalibration', 'conformal_prediction'], 'slow_first_n_batches': 1, 'noisy_start': False}, 'data_hyperparameters': {'data_type': 'conformal', 'dataset_name': 'meps_21', 'val_split': 0.1, 'test_split': 0.2, 'random_state': 1337}, 'model_hyperparameters': {'model_class': 'kmn', 'n_hidden': [64, 128, 64, 32], 'dropout_rate': 0.2507925586582773, 'activation_function': 'leaky_relu', 'center_selection_method': 'k_means', 'trainable_scales': True, 'initial_kernel_scales': [0.7, 0.3], 'n_centers': 78, 'keep_edges': False}}Best mean cv score: 2.551261481701399
Results for kmn
test_mean_weights: 0.0064102564385282125 +- 2.115043469074455e-11 --- [0.006410256417713213, 0.006410256417713213, 0.006410256436744069, 0.006410256445664784, 0.006410256474805784]
test_std_weights: 0.030486855499379784 +- 0.0012375898516965897 --- [0.029182444946271858, 0.029944345478734445, 0.030963480658115557, 0.029672617851584045, 0.03267138856219302]
test_nll_loss: 2.5807053206676422 +- 0.007049839722318507 --- [2.5859007658781827, 2.5866421423043633, 2.5726446295454433, 2.5868040160353307, 2.57153504957489]
test_nll_loss_normalized: -0.7468198169693636 +- 0.007049839722318572 --- [-0.7416243717588228, -0.7408829953326423, -0.7548805080915624, -0.7407211216016748, -0.7559900880621159]
test_weights_entropy: 2.6535322469465275 +- 0.033563567626147386 --- [2.7057784605452535, 2.6739699508647505, 2.613820686194175, 2.6505479678644837, 2.623544169263974]
test_misclibration_area: 0.454625999820948 +- 0.0006688583744327622 --- [0.45552384533644635, 0.4545620178963185, 0.45457018928966303, 0.45498558509699993, 0.45348836148531196]
test_miscalibration0part: 0.05993741848155152 +- 0.005253370147923544 --- [0.056430395840076045, 0.06499361261097407, 0.06537675233331829, 0.05164112320043727, 0.061245208422951926]
test_miscalibration1part: 0.0710752815731336 +- 0.005942247123149172 --- [0.06713523528280538, 0.07669743176164298, 0.07698711809984111, 0.061549647024917116, 0.0730069756964614]
test_miscalibration2part: 0.05582682868682257 +- 0.005337850544993016 --- [0.051962187159259356, 0.060836807292996696, 0.0615172706649069, 0.04757764353149239, 0.057240234785457526]
test_conformal_prediction0part: 17.019705044294533 +- 0.9298364036891383 --- [17.44599536491384, 17.63055059401316, 15.174179661776371, 17.556964119123165, 17.290835481646113]
test_conformal_prediction1part: 0.8796934865900383 +- 0.004758950417340141 --- [0.8844189016602809, 0.8809067688378033, 0.8716475095785441, 0.8773946360153256, 0.8840996168582376]

Best Config cv run 0:
{'config_id': 'kmn_gmm_2_10000', 'seeds': [42, 43, 44, 45, 46], 'data_seed': 0, 'training_hyperparameters': {'early_stopping_patience': 4, 'epochs': 500, 'clip_gradient_norm': 1.961511316013862, 'batch_size': 361, 'optimizer_hyperparameters': {'lr': 0.004169689305584548, 'betas': [0.9, 0.999], 'eps': 1e-08, 'weight_decay': 0.0}, 'optimizer': 'adam', 'input_noise_x': 0.029456913671703316, 'input_noise_y': 0.0611931797694512, 'loss_hyperparameters': {'reliability_loss_weight': 0.07578340461656509, 'gumbel_tau': 0.002372855277763218, 'sigmoid_steepness': 0.162634957751304, 'weights_entropy_loss_weight': 0.0740774100662765, 'loss_calculation_in_normalised_domain': True}, 'eval_metric_for_best_model': 'val_nll_loss', 'evaluation_function_names': ['miscalibration', 'conformal_prediction', 'hellinger_distance', 'wasserstein_distance', 'kl_divergence'], 'slow_first_n_batches': 1, 'noisy_start': False}, 'data_hyperparameters': {'data_type': 'synthetic', 'data_path': 'datasets/simulated_data/gmm_2_10000/gmm_2_10000', 'random_state': 1337}, 'model_hyperparameters': {'model_class': 'kmn', 'n_hidden': [64, 128, 128, 64], 'dropout_rate': 0.0006808353618933237, 'activation_function': 'leaky_relu', 'center_selection_method': 'agglomerative', 'trainable_scales': True, 'initial_kernel_scales': [0.7, 0.3], 'n_centers': 78, 'keep_edges': True}}Best mean cv score: 2.273704729715983
Results for kmn
test_mean_weights: 0.006410256464034319 +- 2.6656007600904762e-11 --- [0.006410256493836641, 0.006410256493836641, 0.006410256464034319, 0.006410256434231996, 0.006410256434231996]
test_std_weights: 0.013737425695359707 +- 0.0003522930281508843 --- [0.013733686983585357, 0.014401183821260929, 0.013668268792331219, 0.013424371585249902, 0.013459617294371128]
test_nll_loss: 2.2820919952392575 +- 0.008742372139844657 --- [2.297880470275879, 2.2772633209228514, 2.2741856536865233, 2.2759619369506834, 2.2851685943603517]
test_nll_loss_normalized: 0.7360491943359375 +- 0.008742372139844606 --- [0.7518376693725586, 0.7312205200195312, 0.7281428527832031, 0.7299191360473632, 0.7391257934570312]
test_weights_entropy: 3.9553364929199217 +- 0.012556693274604404 --- [3.9437424926757814, 3.9505613861083986, 3.9429689025878907, 3.975417724609375, 3.963991958618164]
test_misclibration_area: 0.06967373008728028 +- 0.00030724129551434426 --- [0.06947472429275513, 0.07024006819725037, 0.06968059873580933, 0.06963082313537598, 0.06934243607521057]
test_miscalibration0part: 0.02864999721050262 +- 0.003699620603563938 --- [0.024109996140003205, 0.028799998760223388, 0.025819999635219575, 0.03487999457120895, 0.029639996945858]
test_miscalibration1part: 0.03413186520338059 +- 0.0038220494825194616 --- [0.029383756339550017, 0.03468093931674957, 0.031056138157844543, 0.04044067966938019, 0.035097812533378604]
test_miscalibration2part: 0.02591419489383697 +- 0.003790151715750482 --- [0.0217189137339592, 0.0260382416844368, 0.022351762235164642, 0.03221931254863739, 0.02724274426698685]
test_conformal_prediction0part: 9.237249957275392 +- 0.039569701447944985 --- [9.194258575439454, 9.287649169921876, 9.213899627685548, 9.20801806640625, 9.282424346923829]
test_conformal_prediction1part: 0.8943 +- 0.0028390139133156783 --- [0.89, 0.8945, 0.8925, 0.898, 0.8965]
test_hellinger_distance: 0.24897352213747798 +- 0.004410514245057731 --- [0.2565246315822005, 0.2491248759366572, 0.24350519503466786, 0.24587873641029, 0.2498341717235744]
test_wasserstein_distance: 0.26209888969240713 +- 0.009634629831328212 --- [0.27920911107119173, 0.25855767652206124, 0.25026012576930223, 0.2583031200347468, 0.2641644150647335]
test_kl_divergence: 0.8244875929344445 +- 0.030875354243993142 --- [0.880757455708459, 0.8165186118111014, 0.7862207294739783, 0.8161583502963186, 0.8227828173823655]

 Model Type: mdn - Dataset: {'data_type': 'conformal', 'dataset_name': 'blog_data', 'val_split': 0.1, 'test_split': 0.2, 'random_state': 1337}
Best Config cv run 0:
{'config_id': 'mdn_blog', 'seeds': [42, 43, 44, 45, 46], 'data_seed': 0, 'training_hyperparameters': {'early_stopping_patience': 4, 'epochs': 500, 'clip_gradient_norm': 9.412645515631178, 'batch_size': 124, 'optimizer_hyperparameters': {'lr': 0.00012566708477682818, 'betas': [0.9, 0.999], 'eps': 1e-08, 'weight_decay': 0.0}, 'optimizer': 'adam', 'input_noise_x': 0.21525782322343393, 'input_noise_y': 0.020293995321662907, 'loss_hyperparameters': {'reliability_loss_weight': 1.0111020241063005, 'gumbel_tau': 0.5869785921287066, 'sigmoid_steepness': 36.46974249152451, 'weights_entropy_loss_weight': 1.6275943097849666, 'loss_calculation_in_normalised_domain': True}, 'eval_metric_for_best_model': 'val_nll_loss', 'evaluation_function_names': ['miscalibration', 'conformal_prediction'], 'slow_first_n_batches': 1, 'noisy_start': False}, 'data_hyperparameters': {'data_type': 'conformal', 'dataset_name': 'blog_data', 'val_split': 0.1, 'test_split': 0.2, 'random_state': 1337}, 'model_hyperparameters': {'model_class': 'mdn', 'n_hidden': [64, 128, 128, 64], 'n_distributions': 50, 'dropout_rate': 0.15493484518694647, 'activation_function': 'relu', 'distribution_type': 'laplacian', 'std_stability_mode': 'softplus'}}Best mean cv score: 1.7077112311428277
Results for mdn
test_mean_weights: 0.019999999552965164 +- 0.0 --- [0.019999999552965164, 0.019999999552965164, 0.019999999552965164, 0.019999999552965164, 0.019999999552965164]
test_std_weights: 0.002281578915897501 +- 0.00010027556852880578 --- [0.002166293028969574, 0.0023230906440840876, 0.00226075308368975, 0.0022056847668558586, 0.0024520730558882345]
test_mean_mu: 3.7957989238418697 +- 0.30366904477387213 --- [3.494519887807715, 4.367835755020607, 3.8167432988872965, 3.6430375168341715, 3.656858160659557]
test_std_mu: 13.208725795309054 +- 0.9432353566344 --- [12.035241888497621, 14.826722021321304, 13.542337804896231, 12.960114182042712, 12.679213079787393]
test_mean_sigma: 2.271621691252439 +- 0.10462082667859128 --- [2.1852713357401257, 2.4719683534316435, 2.2734592488703838, 2.199208220634752, 2.228201297585291]
test_std_sigma: 8.502923332389074 +- 0.37984096462685607 --- [8.151955838967826, 9.084505573301826, 8.826497868545182, 8.196534099287659, 8.255123281842879]
test_nll_loss: 1.7120435554562636 +- 0.04442636190220731 --- [1.680654179230901, 1.7652948539675648, 1.7036031053266452, 1.6510824494689476, 1.7595831892872584]
test_nll_loss_normalized: -1.942140787430392 +- 0.04442636289879976 --- [-1.9735301651117456, -1.8888894845511166, -1.9505812390160016, -2.003101893417708, -1.8946011550553883]
test_weights_entropy: 3.9063989182100953 +- 0.0004196186873541373 --- [3.90693573988121, 3.9060631468095854, 3.9064385741721583, 3.906752346126178, 3.9058047840613446]
test_misclibration_area: 0.18157207696492433 +- 0.014820804589485731 --- [0.17463803800917763, 0.21073032262671085, 0.17482675295749694, 0.1696673171210835, 0.17799795411015285]
test_miscalibration0part: 0.1635820662156316 +- 0.00875334634566919 --- [0.16759351519227939, 0.17896756033861, 0.15883969732823264, 0.1567194691141143, 0.15579008910492176]
test_miscalibration1part: 0.19336628116724144 +- 0.007332259717778919 --- [0.19494202664790264, 0.20697852418622897, 0.18708609806672308, 0.18793288096216798, 0.1898918759731846]
test_miscalibration2part: 0.15129636851885847 +- 0.004795605210587137 --- [0.1521455149614174, 0.1602472822174771, 0.14759965871126599, 0.14728081189949094, 0.14920857480464092]
test_conformal_prediction0part: 13.362638948163914 +- 0.34130290016610026 --- [12.962367970706852, 13.60584238066928, 12.94983449455436, 13.52451191676482, 13.770637978124254]
test_conformal_prediction1part: 0.9280725190839695 +- 0.0021644957066805754 --- [0.9244274809160306, 0.9311068702290076, 0.9290076335877863, 0.9278625954198473, 0.9279580152671756]

{'config_id': 'kmn_blog', 'seeds': [42, 43, 44, 45, 46], 'data_seed': 0, 'training_hyperparameters': {'early_stopping_patience': 4, 'epochs': 500, 'clip_gradient_norm': 1.1811167053937206, 'batch_size': 278, 'optimizer_hyperparameters': {'lr': 0.00039052312518710064, 'betas': [0.9, 0.999], 'eps': 1e-08, 'weight_decay': 0.0}, 'optimizer': 'adam', 'input_noise_x': 0.06073145256998108, 'input_noise_y': 0.02003953377715795, 'loss_hyperparameters': {'reliability_loss_weight': 0.5872296955828507, 'gumbel_tau': 0.0011433522359039132, 'sigmoid_steepness': 152.4424690665541, 'weights_entropy_loss_weight': 0.06348237602450665, 'loss_calculation_in_normalised_domain': True}, 'eval_metric_for_best_model': 'val_nll_loss', 'evaluation_function_names': ['miscalibration', 'conformal_prediction'], 'slow_first_n_batches': 1, 'noisy_start': True, 'noise_level': 0.537222039899157, 'noise_decay': 0.2794035433457034}, 'data_hyperparameters': {'data_type': 'conformal', 'dataset_name': 'blog_data', 'val_split': 0.1, 'test_split': 0.2, 'random_state': 1337}, 'model_hyperparameters': {'model_class': 'kmn', 'n_hidden': [128, 128, 128], 'dropout_rate': 0.1554851198553287, 'activation_function': 'tanh', 'center_selection_method': 'k_means', 'trainable_scales': True, 'initial_kernel_scales': [0.7, 0.3], 'n_centers': 89, 'keep_edges': True}}Best mean cv score: 1.7455416222364009
Results for kmn
test_mean_weights: 0.005617977542134414 +- 1.0615545418517128e-11 --- [0.005617977557206199, 0.005617977540143801, 0.005617977534456335, 0.0056179775508078, 0.005617977528057936]
test_std_weights: 0.05082104106782047 +- 0.0005668589268823726 --- [0.05131707051555619, 0.05077621619437487, 0.05079318696760949, 0.051405670442653977, 0.049813061218907814]
test_nll_loss: 1.7363015895581426 +- 0.0036099670015532206 --- [1.7334962859408547, 1.7400992604612393, 1.7332958396154505, 1.733320431308892, 1.7412961304642771]
test_nll_loss_normalized: -1.9178827530373144 +- 0.003609968556026045 --- [-1.9206880613137747, -1.9140850809694248, -1.9208885061831875, -1.9208639072097895, -1.9128882095103956]
test_weights_entropy: 1.457792791410257 +- 0.028991849235355565 --- [1.427736346412251, 1.4499871115648109, 1.46468543278352, 1.436458685197903, 1.5100963810927994]
test_misclibration_area: 0.46966210612813936 +- 0.00044204632933485645 --- [0.4693175355896695, 0.4692570613540766, 0.470493257682742, 0.4696143496127529, 0.4696283264014557]
test_miscalibration0part: 0.16368626820222112 +- 0.005048096833704671 --- [0.16921565896682156, 0.1615019163102594, 0.16937214563821107, 0.1622500084738695, 0.15609161162194404]
test_miscalibration1part: 0.19356201117275323 +- 0.0042309956292027485 --- [0.19963769621521463, 0.19220416527668027, 0.19627840773749897, 0.19264990537221194, 0.18703988126216045]
test_miscalibration2part: 0.1569072052358671 +- 0.004393533068295917 --- [0.16206279128562404, 0.15515792351642638, 0.1613235517312552, 0.15589195999480385, 0.15009979965122602]
test_conformal_prediction0part: 13.750989552272184 +- 0.3359803976176079 --- [13.715359543662036, 13.365736773541865, 14.039203940821057, 13.415542124973909, 14.219105378362059]
test_conformal_prediction1part: 0.9269083969465649 +- 0.007157887903900085 --- [0.9260496183206107, 0.9241412213740458, 0.9369274809160305, 0.9157442748091603, 0.9316793893129771]

 Model Type: kmn - Dataset: {'data_type': 'conformal', 'dataset_name': 'bio', 'val_split': 0.1, 'test_split': 0.2, 'random_state': 1337}
Best Config cv run 0:
{'config_id': 'mdn_bio', 'seeds': [42, 43, 44, 45, 46], 'data_seed': 0, 'training_hyperparameters': {'early_stopping_patience': 4, 'epochs': 500, 'clip_gradient_norm': 2.8361729509712386, 'batch_size': 58, 'optimizer_hyperparameters': {'lr': 0.0014932330542110548, 'betas': [0.9, 0.999], 'eps': 1e-08, 'weight_decay': 0.0}, 'optimizer': 'adam', 'input_noise_x': 0.034851164112575085, 'input_noise_y': 0.020036662852295117, 'loss_hyperparameters': {'reliability_loss_weight': 0.34252263837944585, 'gumbel_tau': 0.028422275064779505, 'sigmoid_steepness': 21.611363781808148, 'weights_entropy_loss_weight': 0.03706004707852848, 'loss_calculation_in_normalised_domain': True}, 'eval_metric_for_best_model': 'val_nll_loss', 'evaluation_function_names': ['miscalibration', 'conformal_prediction'], 'slow_first_n_batches': 1, 'noisy_start': True, 'noise_level': 0.06574517546165223, 'noise_decay': 0.4421819743235189}, 'data_hyperparameters': {'data_type': 'conformal', 'dataset_name': 'bio', 'val_split': 0.1, 'test_split': 0.2, 'random_state': 1337}, 'model_hyperparameters': {'model_class': 'mdn', 'n_hidden': [64, 512, 64], 'n_distributions': 30, 'dropout_rate': 0.016144409923513146, 'activation_function': 'leaky_relu', 'distribution_type': 'gaussian', 'std_stability_mode': 'softplus'}}Best mean cv score: 1.8959956609804387
Results for mdn
test_mean_weights: 0.03333333507180214 +- 0.0 --- [0.03333333507180214, 0.03333333507180214, 0.03333333507180214, 0.03333333507180214, 0.03333333507180214]
test_std_weights: 0.04858496320972994 +- 0.0018484830724538762 --- [0.04836011853776978, 0.046993839231285306, 0.051373042609390275, 0.04633024572615756, 0.04986756994404679]
test_mean_mu: 9.008933219142225 +- 0.31770386465385747 --- [9.409821485915227, 9.025699713077374, 9.070747682048799, 8.43384818292514, 9.10454903174458]
test_std_mu: 5.776535626842499 +- 0.06316096046855653 --- [5.823682587333928, 5.705687094433365, 5.862838676297479, 5.785833504850119, 5.7046362712976055]
test_mean_sigma: 1.1598372521505769 +- 0.03358897992105382 --- [1.1752495739617963, 1.1929756367256104, 1.1778278269237015, 1.0968355349422465, 1.1562976881995286]
test_std_sigma: 0.6688883156425031 +- 0.034386573014009165 --- [0.6526396745877378, 0.6601188974387793, 0.7285195913743379, 0.678193120030483, 0.6249702947811775]
test_nll_loss: 1.898023762255614 +- 0.009053487030521952 --- [1.890862438836714, 1.886188836580498, 1.9032405892477864, 1.8979734950062486, 1.9118534516068222]
test_nll_loss_normalized: 0.08589497993113879 +- 0.00905348703052195 --- [0.07873365651223896, 0.07406005425602295, 0.09111180692331133, 0.08584471268177345, 0.09972466928234722]
test_weights_entropy: 2.7131941894824885 +- 0.02986204698249827 --- [2.7160131361456896, 2.7551726160439416, 2.68172994213659, 2.7348974124884258, 2.6781578405977937]
test_misclibration_area: 0.07560347811857199 +- 0.01291760792035415 --- [0.0907864402217936, 0.08237150063171654, 0.07380401337404834, 0.05226659916851262, 0.07878883719678888]
test_miscalibration0part: 0.03916597226347465 +- 0.0046789031494717205 --- [0.03538596065722694, 0.03354472073115589, 0.038655147246451076, 0.04145855722973755, 0.04678547545280181]
test_miscalibration1part: 0.04558001045791789 +- 0.004934587893576339 --- [0.04130297462606023, 0.039940630153991345, 0.04524520302194228, 0.04762347572719975, 0.053787768760395864]
test_miscalibration2part: 0.03625784183314924 +- 0.004731921735206472 --- [0.03213937387355902, 0.030797794053936692, 0.03573864965607764, 0.03866755735579607, 0.04394583422637679]
test_conformal_prediction0part: 8.235809792644368 +- 0.10218090336169976 --- [8.219249299076697, 8.358304442291626, 8.34010445406889, 8.17513659035328, 8.086254177431348]
test_conformal_prediction1part: 0.906931992127706 +- 0.004723275099950887 --- [0.9067351847802317, 0.9153728405860485, 0.9076098841023398, 0.9024710255849552, 0.9024710255849552]
Best Config cv run 0:
{'config_id': 'kmn_bio', 'seeds': [42, 43, 44, 45, 46], 'data_seed': 0, 'training_hyperparameters': {'early_stopping_patience': 4, 'epochs': 500, 'clip_gradient_norm': 4.767192347304854, 'batch_size': 44, 'optimizer_hyperparameters': {'lr': 0.0004548362716562976, 'betas': [0.9, 0.999], 'eps': 1e-08, 'weight_decay': 0.0}, 'optimizer': 'adam', 'input_noise_x': 0.025469507656966945, 'input_noise_y': 0.02001763215983575, 'loss_hyperparameters': {'reliability_loss_weight': 1.0534578161275272, 'gumbel_tau': 0.3657322392350201, 'sigmoid_steepness': 17.031214356966707, 'weights_entropy_loss_weight': 0.07813197799134736, 'loss_calculation_in_normalised_domain': True}, 'eval_metric_for_best_model': 'val_nll_loss', 'evaluation_function_names': ['miscalibration', 'conformal_prediction'], 'slow_first_n_batches': 1, 'noisy_start': True, 'noise_level': 0.5659903745333422, 'noise_decay': 0.8170933482797914}, 'data_hyperparameters': {'data_type': 'conformal', 'dataset_name': 'bio', 'val_split': 0.1, 'test_split': 0.2, 'random_state': 1337}, 'model_hyperparameters': {'model_class': 'kmn', 'n_hidden': [64, 128, 128, 64], 'dropout_rate': 0.002045539878806054, 'activation_function': 'tanh', 'center_selection_method': 'k_means', 'trainable_scales': True, 'initial_kernel_scales': [0.7, 0.3], 'n_centers': 78, 'keep_edges': False}}Best mean cv score: 1.823108105777211
Results for kmn
test_mean_weights: 0.006410256454021735 +- 6.61116552526996e-12 --- [0.006410256441700499, 0.006410256454734534, 0.0064102564576875585, 0.006410256461251552, 0.006410256454734534]
test_std_weights: 0.021719967741205583 +- 0.0013499216348315073 --- [0.021015086218392123, 0.021518760450182715, 0.024372553349799046, 0.020766832461923186, 0.02092660622573084]
test_nll_loss: 1.8111649507196836 +- 0.006099222842529096 --- [1.8098604013329127, 1.804119186017645, 1.8225613462046464, 1.809376569589848, 1.809907250453366]
test_nll_loss_normalized: -0.0009638316047913705 +- 0.006099222842529057 --- [-0.002268380991562227, -0.00800959630682983, 0.010432563880171318, -0.0027522127346269886, -0.0022215318711091255]
test_weights_entropy: 3.5852482999046287 +- 0.039870459644591044 --- [3.6118795652241458, 3.6000701283668235, 3.506963077948074, 3.613971595922654, 3.593357132061446]
test_misclibration_area: 0.14232002488116896 +- 0.00023173914248803324 --- [0.14206471923871503, 0.1425397361156431, 0.14234700235266304, 0.14260208885648332, 0.14204657784234037]
test_miscalibration0part: 0.03848676931250677 +- 0.0036518230425201244 --- [0.04567679633151617, 0.03595451600385291, 0.036090093709018486, 0.03772359339590801, 0.03698884712223826]
test_miscalibration1part: 0.04529670633061198 +- 0.004233789130679644 --- [0.0536568961465695, 0.04281624138237949, 0.04241217460044228, 0.04442090459498696, 0.043177314928681695]
test_miscalibration2part: 0.03572811420079057 +- 0.003687063239198868 --- [0.042985971845163444, 0.033254460266062394, 0.03330244648881483, 0.035054566183471844, 0.03404312622044036]
test_conformal_prediction0part: 8.041635156527615 +- 0.03652217457953801 --- [8.02971893250486, 8.042983494935243, 8.105826438972212, 8.036815237065726, 7.992831679160032]
test_conformal_prediction1part: 0.9024272906188499 +- 0.002198307520115842 --- [0.9052044609665427, 0.9041110868139077, 0.9007216269407391, 0.8991909031270501, 0.9029083752460092]
